Build started 8/24/2015 4:45:44 PM.
     1>Project "C:\Users\jeremy.barzas\Desktop\Homework\Functions\Functions\Functions.vcxproj" on node 2 (Build target(s)).
     1>ClCompile:
         C:\Program Files (x86)\Microsoft Visual Studio 14.0\VC\bin\CL.exe /c /ZI /nologo /W3 /WX- /sdl /Od /Oy- /D _MBCS /Gm /EHsc /RTC1 /MDd /GS /fp:precise /Zc:wchar_t /Zc:forScope /Zc:inline /Fo"Debug\\" /Fd"Debug\vc140.pdb" /Gd /TP /analyze- /errorReport:prompt Functions_1.cpp
         Functions_1.cpp
     1>c:\users\jeremy.barzas\desktop\homework\functions\functions\functions_1.cpp(23): error C2146: syntax error: missing ';' before identifier 'system'
     1>Done Building Project "C:\Users\jeremy.barzas\Desktop\Homework\Functions\Functions\Functions.vcxproj" (Build target(s)) -- FAILED.

Build FAILED.

Time Elapsed 00:00:00.44
